<?xml version="1.0" encoding="UTF-8"?>
<!-- Generated by org.testng.reporters.JUnitReportReporter -->
<testsuite hostname="Abhisheks-MacBook-Air.local" failures="0" tests="5" name="com.lemonade.tests.LemonadeTests" time="110.816" errors="0" timestamp="2024-09-26T12:29:36 EDT" skipped="0">
  <testcase classname="com.lemonade.tests.LemonadeTests" name="TestBrowserOpensSuccessfully" time="6.432"/>
  <system-out/>
  <testcase classname="com.lemonade.tests.LemonadeTests" name="TestHomePage" time="0.235"/>
  <system-out/>
  <testcase classname="com.lemonade.tests.LemonadeTests" name="TestPageLinks" time="17.536"/>
  <system-out/>
  <testcase classname="com.lemonade.tests.LemonadeTests" name="TestCarInsurance" time="17.452"/>
  <system-out/>
  <testcase classname="com.lemonade.tests.LemonadeTests" name="TestRentInsurance" time="69.161"/>
  <system-out/>
</testsuite> <!-- com.lemonade.tests.LemonadeTests -->
